<?xml version="1.0" encoding="UTF-8"?>
<!-- Generated by org.testng.reporters.JUnitXMLReporter -->
<testsuite ignored="0" hostname="DESKTOP-UJIBV1G" failures="1" tests="10" name="Default test" time="50.736" errors="0" timestamp="2023-06-10T14:49:45 IST">
  <testcase classname="com.api.script.DigilockerEwalletTest" name="API_01_VerifyUserIsAbleToGenerateDigiUrl" time="3.411"/>
  <testcase classname="com.api.script.DigilockerEwalletTest" name="API_02_VerifyUserIsAbleToGenerateAuthCode" time="18.567"/>
  <testcase classname="com.api.script.DigilockerEwalletTest" name="API_03_VerifyUserIsAbleToGenerateToken" time="0.983"/>
  <testcase classname="com.api.script.DigilockerEwalletTest" name="API_04_VerifyUserIsAbleToUenerateUuid" time="0.611"/>
  <testcase classname="com.api.script.DigilockerEwalletTest" name="API_05_VerifyUserIsAbleToGetStateList" time="1.043"/>
  <testcase classname="com.api.script.DigilockerEwalletTest" name="API_06_VerifyUserIsAbleToGetDistrictList" time="1.391"/>
  <testcase classname="com.api.script.DigilockerEwalletTest" name="API_07_VerifyUserIsAbleToGetBlockList" time="0.954"/>
  <testcase classname="com.api.script.DigilockerEwalletTest" name="API_08_VerifyUserIsAbleToGetSchoolList" time="20.81"/>
  <testcase classname="com.api.script.DigilockerEwalletTest" name="API_09_VerifyUserIsAbleToRegisterStudent" time="2.376"/>
  <testcase classname="com.api.script.DigilockerEwalletTest" name="API_10_VerifyUserIsAbleToGetStudentData" time="0.46">
    <failure type="java.lang.AssertionError" message="expected [true] but found [false]">
      <![CDATA[java.lang.AssertionError: expected [true] but found [false]
at org.testng.Assert.fail(Assert.java:99)
at org.testng.Assert.failNotEquals(Assert.java:1037)
at org.testng.Assert.assertTrue(Assert.java:45)
at org.testng.Assert.assertTrue(Assert.java:55)
at com.generic.WrapperFunctions.logReporter(WrapperFunctions.java:301)
at com.api.view.APIview.getSuccessMessageStudentData(APIview.java:628)
at com.api.script.DigilockerEwalletTest.API_10_VerifyUserIsAbleToGetStudentData(DigilockerEwalletTest.java:233)
at java.base/jdk.internal.reflect.NativeMethodAccessorImpl.invoke0(Native Method)
at java.base/jdk.internal.reflect.NativeMethodAccessorImpl.invoke(NativeMethodAccessorImpl.java:77)
at java.base/jdk.internal.reflect.DelegatingMethodAccessorImpl.invoke(DelegatingMethodAccessorImpl.java:43)
at java.base/java.lang.reflect.Method.invoke(Method.java:568)
at org.testng.internal.MethodInvocationHelper.invokeMethod(MethodInvocationHelper.java:133)
at org.testng.internal.TestInvoker.invokeMethod(TestInvoker.java:598)
at org.testng.internal.TestInvoker.invokeTestMethod(TestInvoker.java:173)
at org.testng.internal.MethodRunner.runInSequence(MethodRunner.java:46)
at org.testng.internal.TestInvoker$MethodInvocationAgent.invoke(TestInvoker.java:824)
at org.testng.internal.TestInvoker.invokeTestMethods(TestInvoker.java:146)
at org.testng.internal.TestMethodWorker.invokeTestMethods(TestMethodWorker.java:146)
at org.testng.internal.TestMethodWorker.run(TestMethodWorker.java:128)
at java.base/java.util.ArrayList.forEach(ArrayList.java:1511)
at org.testng.TestRunner.privateRun(TestRunner.java:794)
at org.testng.TestRunner.run(TestRunner.java:596)
at org.testng.SuiteRunner.runTest(SuiteRunner.java:377)
at org.testng.SuiteRunner.runSequentially(SuiteRunner.java:371)
at org.testng.SuiteRunner.privateRun(SuiteRunner.java:332)
at org.testng.SuiteRunner.run(SuiteRunner.java:276)
at org.testng.SuiteRunnerWorker.runSuite(SuiteRunnerWorker.java:53)
at org.testng.SuiteRunnerWorker.run(SuiteRunnerWorker.java:96)
at org.testng.TestNG.runSuitesSequentially(TestNG.java:1212)
at org.testng.TestNG.runSuitesLocally(TestNG.java:1134)
at org.testng.TestNG.runSuites(TestNG.java:1063)
at org.testng.TestNG.run(TestNG.java:1031)
at org.testng.remote.AbstractRemoteTestNG.run(AbstractRemoteTestNG.java:115)
at org.testng.remote.RemoteTestNG.initAndRun(RemoteTestNG.java:251)
at org.testng.remote.RemoteTestNG.main(RemoteTestNG.java:77)
]]>
    </failure>
  </testcase> <!-- API_10_VerifyUserIsAbleToGetStudentData -->
</testsuite> <!-- Default test -->
