<?xml version="1.0" encoding="UTF-8" standalone="yes"?>
<ns2:test-suite start="1684826571112" stop="1684826626013" version="1.5.4" xmlns:ns2="urn:model.allure.qatools.yandex.ru">
    <name>ULP BFF SUITE : ULP BFF</name>
    <title>ULP BFF SUITE : ULP BFF</title>
    <test-cases>
        <test-case start="1684826571223" stop="1684826574841" status="passed">
            <name>API_01_VerifyUserIsAbleToGenerateDigiUrl</name>
            <title>Verify that user is able to generate digiurl</title>
            <description type="text">Verify that user is able to generate digiurl </description>
            <steps/>
            <attachments/>
            <labels>
                <label name="testSuite" value="ULP BFF SUITE"/>
                <label name="testGroup" value="ULP BFF"/>
                <label name="testClass" value="com.api.script.DigilockerEwalletTest"/>
                <label name="testMethod" value="API_01_VerifyUserIsAbleToGenerateDigiUrl"/>
                <label name="host" value="DESKTOP-UJIBV1G"/>
                <label name="thread" value="1164@DESKTOP-UJIBV1G.main(1)"/>
            </labels>
        </test-case>
        <test-case start="1684826574854" stop="1684826624708" status="broken">
            <name>API_11_VerifyThatUserIsAbleToGenerateAuthCodeAndTokenForUsername</name>
            <title>Verify that user is able to generate auth code and token using username</title>
            <description type="text">Verify that user is able to generate auth code and token using ser name</description>
            <failure>
                <message>IndexOutOfBoundsException: Index 0 out of bounds for length 0</message>
                <stack-trace>java.lang.IndexOutOfBoundsException: Index 0 out of bounds for length 0&#13;
	at java.base/jdk.internal.util.Preconditions.outOfBounds(Preconditions.java:64)&#13;
	at java.base/jdk.internal.util.Preconditions.outOfBoundsCheckIndex(Preconditions.java:70)&#13;
	at java.base/jdk.internal.util.Preconditions.checkIndex(Preconditions.java:266)&#13;
	at java.base/java.util.Objects.checkIndex(Objects.java:359)&#13;
	at java.base/java.util.ArrayList.get(ArrayList.java:427)&#13;
	at com.api.view.APIview.getDID(APIview.java:191)&#13;
	at com.api.script.DigilockerEwalletTest.API_11_VerifyThatUserIsAbleToGenerateAuthCodeAndTokenForUsername(DigilockerEwalletTest.java:220)&#13;
	at java.base/jdk.internal.reflect.NativeMethodAccessorImpl.invoke0(Native Method)&#13;
	at java.base/jdk.internal.reflect.NativeMethodAccessorImpl.invoke(NativeMethodAccessorImpl.java:77)&#13;
	at java.base/jdk.internal.reflect.DelegatingMethodAccessorImpl.invoke(DelegatingMethodAccessorImpl.java:43)&#13;
	at java.base/java.lang.reflect.Method.invoke(Method.java:568)&#13;
	at org.testng.internal.MethodInvocationHelper.invokeMethod(MethodInvocationHelper.java:133)&#13;
	at org.testng.internal.TestInvoker.invokeMethod(TestInvoker.java:598)&#13;
	at org.testng.internal.TestInvoker.invokeTestMethod(TestInvoker.java:173)&#13;
	at org.testng.internal.MethodRunner.runInSequence(MethodRunner.java:46)&#13;
	at org.testng.internal.TestInvoker$MethodInvocationAgent.invoke(TestInvoker.java:824)&#13;
	at org.testng.internal.TestInvoker.invokeTestMethods(TestInvoker.java:146)&#13;
	at org.testng.internal.TestMethodWorker.invokeTestMethods(TestMethodWorker.java:146)&#13;
	at org.testng.internal.TestMethodWorker.run(TestMethodWorker.java:128)&#13;
	at java.base/java.util.ArrayList.forEach(ArrayList.java:1511)&#13;
	at org.testng.TestRunner.privateRun(TestRunner.java:794)&#13;
	at org.testng.TestRunner.run(TestRunner.java:596)&#13;
	at org.testng.SuiteRunner.runTest(SuiteRunner.java:377)&#13;
	at org.testng.SuiteRunner.runSequentially(SuiteRunner.java:371)&#13;
	at org.testng.SuiteRunner.privateRun(SuiteRunner.java:332)&#13;
	at org.testng.SuiteRunner.run(SuiteRunner.java:276)&#13;
	at org.testng.SuiteRunnerWorker.runSuite(SuiteRunnerWorker.java:53)&#13;
	at org.testng.SuiteRunnerWorker.run(SuiteRunnerWorker.java:96)&#13;
	at org.testng.TestNG.runSuitesSequentially(TestNG.java:1212)&#13;
	at org.testng.TestNG.runSuitesLocally(TestNG.java:1134)&#13;
	at org.testng.TestNG.runSuites(TestNG.java:1063)&#13;
	at org.testng.TestNG.run(TestNG.java:1031)&#13;
	at org.testng.remote.AbstractRemoteTestNG.run(AbstractRemoteTestNG.java:115)&#13;
	at org.testng.remote.RemoteTestNG.initAndRun(RemoteTestNG.java:251)&#13;
	at org.testng.remote.RemoteTestNG.main(RemoteTestNG.java:77)&#13;
</stack-trace>
            </failure>
            <steps/>
            <attachments/>
            <labels>
                <label name="testSuite" value="ULP BFF SUITE"/>
                <label name="testGroup" value="ULP BFF"/>
                <label name="testClass" value="com.api.script.DigilockerEwalletTest"/>
                <label name="testMethod" value="API_11_VerifyThatUserIsAbleToGenerateAuthCodeAndTokenForUsername"/>
                <label name="host" value="DESKTOP-UJIBV1G"/>
                <label name="thread" value="1164@DESKTOP-UJIBV1G.main(1)"/>
            </labels>
        </test-case>
        <test-case start="1684826624723" stop="1684826625276" status="broken">
            <name>API_01_VerifyUserIsAbleToSearchStudent</name>
            <title>Verify user is able to search student</title>
            <description type="text">Verify user is able to search student</description>
            <failure>
                <message>NullPointerException: Cannot invoke "java.util.List.get(int)" because the return value of "com.api.pojoResponse.BffCredentialsSearchStudentsresponse.getResult()" is null</message>
                <stack-trace>java.lang.NullPointerException: Cannot invoke "java.util.List.get(int)" because the return value of "com.api.pojoResponse.BffCredentialsSearchStudentsresponse.getResult()" is null&#13;
	at com.api.view.APIview.getCredentialID(APIview.java:441)&#13;
	at com.api.script.DigilockerBFFCredentialsTest.API_01_VerifyUserIsAbleToSearchStudent(DigilockerBFFCredentialsTest.java:60)&#13;
	at java.base/jdk.internal.reflect.NativeMethodAccessorImpl.invoke0(Native Method)&#13;
	at java.base/jdk.internal.reflect.NativeMethodAccessorImpl.invoke(NativeMethodAccessorImpl.java:77)&#13;
	at java.base/jdk.internal.reflect.DelegatingMethodAccessorImpl.invoke(DelegatingMethodAccessorImpl.java:43)&#13;
	at java.base/java.lang.reflect.Method.invoke(Method.java:568)&#13;
	at org.testng.internal.MethodInvocationHelper.invokeMethod(MethodInvocationHelper.java:133)&#13;
	at org.testng.internal.TestInvoker.invokeMethod(TestInvoker.java:598)&#13;
	at org.testng.internal.TestInvoker.invokeTestMethod(TestInvoker.java:173)&#13;
	at org.testng.internal.MethodRunner.runInSequence(MethodRunner.java:46)&#13;
	at org.testng.internal.TestInvoker$MethodInvocationAgent.invoke(TestInvoker.java:824)&#13;
	at org.testng.internal.TestInvoker.invokeTestMethods(TestInvoker.java:146)&#13;
	at org.testng.internal.TestMethodWorker.invokeTestMethods(TestMethodWorker.java:146)&#13;
	at org.testng.internal.TestMethodWorker.run(TestMethodWorker.java:128)&#13;
	at java.base/java.util.ArrayList.forEach(ArrayList.java:1511)&#13;
	at org.testng.TestRunner.privateRun(TestRunner.java:794)&#13;
	at org.testng.TestRunner.run(TestRunner.java:596)&#13;
	at org.testng.SuiteRunner.runTest(SuiteRunner.java:377)&#13;
	at org.testng.SuiteRunner.runSequentially(SuiteRunner.java:371)&#13;
	at org.testng.SuiteRunner.privateRun(SuiteRunner.java:332)&#13;
	at org.testng.SuiteRunner.run(SuiteRunner.java:276)&#13;
	at org.testng.SuiteRunnerWorker.runSuite(SuiteRunnerWorker.java:53)&#13;
	at org.testng.SuiteRunnerWorker.run(SuiteRunnerWorker.java:96)&#13;
	at org.testng.TestNG.runSuitesSequentially(TestNG.java:1212)&#13;
	at org.testng.TestNG.runSuitesLocally(TestNG.java:1134)&#13;
	at org.testng.TestNG.runSuites(TestNG.java:1063)&#13;
	at org.testng.TestNG.run(TestNG.java:1031)&#13;
	at org.testng.remote.AbstractRemoteTestNG.run(AbstractRemoteTestNG.java:115)&#13;
	at org.testng.remote.RemoteTestNG.initAndRun(RemoteTestNG.java:251)&#13;
	at org.testng.remote.RemoteTestNG.main(RemoteTestNG.java:77)&#13;
</stack-trace>
            </failure>
            <steps/>
            <attachments/>
            <labels>
                <label name="testSuite" value="ULP BFF SUITE"/>
                <label name="testGroup" value="ULP BFF"/>
                <label name="testClass" value="com.api.script.DigilockerBFFCredentialsTest"/>
                <label name="testMethod" value="API_01_VerifyUserIsAbleToSearchStudent"/>
                <label name="host" value="DESKTOP-UJIBV1G"/>
                <label name="thread" value="1164@DESKTOP-UJIBV1G.main(1)"/>
            </labels>
        </test-case>
        <test-case start="1684826625280" stop="1684826625290" status="broken">
            <name>API_02_GetSchemaIDByCredentialsID</name>
            <title>Get Schema ID bt credentials ID</title>
            <description type="text">Get schema ID by credentials ID</description>
            <failure>
                <message>IllegalArgumentException: parameterValue cannot be null</message>
                <stack-trace>java.lang.IllegalArgumentException: parameterValue cannot be null&#13;
	at java.base/jdk.internal.reflect.NativeConstructorAccessorImpl.newInstance0(Native Method)&#13;
	at java.base/jdk.internal.reflect.NativeConstructorAccessorImpl.newInstance(NativeConstructorAccessorImpl.java:77)&#13;
	at java.base/jdk.internal.reflect.DelegatingConstructorAccessorImpl.newInstance(DelegatingConstructorAccessorImpl.java:45)&#13;
	at java.base/java.lang.reflect.Constructor.newInstanceWithCaller(Constructor.java:499)&#13;
	at java.base/java.lang.reflect.Constructor.newInstance(Constructor.java:480)&#13;
	at org.codehaus.groovy.reflection.CachedConstructor.invoke(CachedConstructor.java:72)&#13;
	at org.codehaus.groovy.reflection.CachedConstructor.doConstructorInvoke(CachedConstructor.java:59)&#13;
	at org.codehaus.groovy.runtime.callsite.ConstructorSite$ConstructorSiteNoUnwrap.callConstructor(ConstructorSite.java:84)&#13;
	at org.codehaus.groovy.runtime.callsite.CallSiteArray.defaultCallConstructor(CallSiteArray.java:59)&#13;
	at org.codehaus.groovy.runtime.callsite.AbstractCallSite.callConstructor(AbstractCallSite.java:263)&#13;
	at org.codehaus.groovy.runtime.callsite.AbstractCallSite.callConstructor(AbstractCallSite.java:277)&#13;
	at io.restassured.internal.common.assertion.AssertParameter.notNull(AssertParameter.groovy:26)&#13;
	at io.restassured.internal.common.assertion.AssertParameter$notNull.callStatic(Unknown Source)&#13;
	at org.codehaus.groovy.runtime.callsite.CallSiteArray.defaultCallStatic(CallSiteArray.java:55)&#13;
	at org.codehaus.groovy.runtime.callsite.AbstractCallSite.callStatic(AbstractCallSite.java:217)&#13;
	at org.codehaus.groovy.runtime.callsite.AbstractCallSite.callStatic(AbstractCallSite.java:240)&#13;
	at io.restassured.internal.RequestSpecificationImpl.pathParam(RequestSpecificationImpl.groovy:516)&#13;
	at io.restassured.builder.RequestSpecBuilder.addPathParam(RequestSpecBuilder.java:421)&#13;
	at com.api.script.DigilockerBFFCredentialsTest.API_02_GetSchemaIDByCredentialsID(DigilockerBFFCredentialsTest.java:72)&#13;
	at java.base/jdk.internal.reflect.NativeMethodAccessorImpl.invoke0(Native Method)&#13;
	at java.base/jdk.internal.reflect.NativeMethodAccessorImpl.invoke(NativeMethodAccessorImpl.java:77)&#13;
	at java.base/jdk.internal.reflect.DelegatingMethodAccessorImpl.invoke(DelegatingMethodAccessorImpl.java:43)&#13;
	at java.base/java.lang.reflect.Method.invoke(Method.java:568)&#13;
	at org.testng.internal.MethodInvocationHelper.invokeMethod(MethodInvocationHelper.java:133)&#13;
	at org.testng.internal.TestInvoker.invokeMethod(TestInvoker.java:598)&#13;
	at org.testng.internal.TestInvoker.invokeTestMethod(TestInvoker.java:173)&#13;
	at org.testng.internal.MethodRunner.runInSequence(MethodRunner.java:46)&#13;
	at org.testng.internal.TestInvoker$MethodInvocationAgent.invoke(TestInvoker.java:824)&#13;
	at org.testng.internal.TestInvoker.invokeTestMethods(TestInvoker.java:146)&#13;
	at org.testng.internal.TestMethodWorker.invokeTestMethods(TestMethodWorker.java:146)&#13;
	at org.testng.internal.TestMethodWorker.run(TestMethodWorker.java:128)&#13;
	at java.base/java.util.ArrayList.forEach(ArrayList.java:1511)&#13;
	at org.testng.TestRunner.privateRun(TestRunner.java:794)&#13;
	at org.testng.TestRunner.run(TestRunner.java:596)&#13;
	at org.testng.SuiteRunner.runTest(SuiteRunner.java:377)&#13;
	at org.testng.SuiteRunner.runSequentially(SuiteRunner.java:371)&#13;
	at org.testng.SuiteRunner.privateRun(SuiteRunner.java:332)&#13;
	at org.testng.SuiteRunner.run(SuiteRunner.java:276)&#13;
	at org.testng.SuiteRunnerWorker.runSuite(SuiteRunnerWorker.java:53)&#13;
	at org.testng.SuiteRunnerWorker.run(SuiteRunnerWorker.java:96)&#13;
	at org.testng.TestNG.runSuitesSequentially(TestNG.java:1212)&#13;
	at org.testng.TestNG.runSuitesLocally(TestNG.java:1134)&#13;
	at org.testng.TestNG.runSuites(TestNG.java:1063)&#13;
	at org.testng.TestNG.run(TestNG.java:1031)&#13;
	at org.testng.remote.AbstractRemoteTestNG.run(AbstractRemoteTestNG.java:115)&#13;
	at org.testng.remote.RemoteTestNG.initAndRun(RemoteTestNG.java:251)&#13;
	at org.testng.remote.RemoteTestNG.main(RemoteTestNG.java:77)&#13;
</stack-trace>
            </failure>
            <steps/>
            <attachments/>
            <labels>
                <label name="testSuite" value="ULP BFF SUITE"/>
                <label name="testGroup" value="ULP BFF"/>
                <label name="testClass" value="com.api.script.DigilockerBFFCredentialsTest"/>
                <label name="testMethod" value="API_02_GetSchemaIDByCredentialsID"/>
                <label name="host" value="DESKTOP-UJIBV1G"/>
                <label name="thread" value="1164@DESKTOP-UJIBV1G.main(1)"/>
            </labels>
        </test-case>
        <test-case start="1684826625292" stop="1684826625298" status="broken">
            <name>API_03_GetRenderSchema</name>
            <title>Get render schema</title>
            <description type="text">Get render schema</description>
            <failure>
                <message>IllegalArgumentException: parameterValue cannot be null</message>
                <stack-trace>java.lang.IllegalArgumentException: parameterValue cannot be null&#13;
	at java.base/jdk.internal.reflect.NativeConstructorAccessorImpl.newInstance0(Native Method)&#13;
	at java.base/jdk.internal.reflect.NativeConstructorAccessorImpl.newInstance(NativeConstructorAccessorImpl.java:77)&#13;
	at java.base/jdk.internal.reflect.DelegatingConstructorAccessorImpl.newInstance(DelegatingConstructorAccessorImpl.java:45)&#13;
	at java.base/java.lang.reflect.Constructor.newInstanceWithCaller(Constructor.java:499)&#13;
	at java.base/java.lang.reflect.Constructor.newInstance(Constructor.java:480)&#13;
	at org.codehaus.groovy.reflection.CachedConstructor.invoke(CachedConstructor.java:72)&#13;
	at org.codehaus.groovy.reflection.CachedConstructor.doConstructorInvoke(CachedConstructor.java:59)&#13;
	at org.codehaus.groovy.runtime.callsite.ConstructorSite$ConstructorSiteNoUnwrap.callConstructor(ConstructorSite.java:84)&#13;
	at org.codehaus.groovy.runtime.callsite.AbstractCallSite.callConstructor(AbstractCallSite.java:277)&#13;
	at io.restassured.internal.common.assertion.AssertParameter.notNull(AssertParameter.groovy:26)&#13;
	at io.restassured.internal.common.assertion.AssertParameter$notNull.callStatic(Unknown Source)&#13;
	at io.restassured.internal.RequestSpecificationImpl.pathParam(RequestSpecificationImpl.groovy:516)&#13;
	at io.restassured.builder.RequestSpecBuilder.addPathParam(RequestSpecBuilder.java:421)&#13;
	at com.api.script.DigilockerBFFCredentialsTest.API_03_GetRenderSchema(DigilockerBFFCredentialsTest.java:88)&#13;
	at java.base/jdk.internal.reflect.NativeMethodAccessorImpl.invoke0(Native Method)&#13;
	at java.base/jdk.internal.reflect.NativeMethodAccessorImpl.invoke(NativeMethodAccessorImpl.java:77)&#13;
	at java.base/jdk.internal.reflect.DelegatingMethodAccessorImpl.invoke(DelegatingMethodAccessorImpl.java:43)&#13;
	at java.base/java.lang.reflect.Method.invoke(Method.java:568)&#13;
	at org.testng.internal.MethodInvocationHelper.invokeMethod(MethodInvocationHelper.java:133)&#13;
	at org.testng.internal.TestInvoker.invokeMethod(TestInvoker.java:598)&#13;
	at org.testng.internal.TestInvoker.invokeTestMethod(TestInvoker.java:173)&#13;
	at org.testng.internal.MethodRunner.runInSequence(MethodRunner.java:46)&#13;
	at org.testng.internal.TestInvoker$MethodInvocationAgent.invoke(TestInvoker.java:824)&#13;
	at org.testng.internal.TestInvoker.invokeTestMethods(TestInvoker.java:146)&#13;
	at org.testng.internal.TestMethodWorker.invokeTestMethods(TestMethodWorker.java:146)&#13;
	at org.testng.internal.TestMethodWorker.run(TestMethodWorker.java:128)&#13;
	at java.base/java.util.ArrayList.forEach(ArrayList.java:1511)&#13;
	at org.testng.TestRunner.privateRun(TestRunner.java:794)&#13;
	at org.testng.TestRunner.run(TestRunner.java:596)&#13;
	at org.testng.SuiteRunner.runTest(SuiteRunner.java:377)&#13;
	at org.testng.SuiteRunner.runSequentially(SuiteRunner.java:371)&#13;
	at org.testng.SuiteRunner.privateRun(SuiteRunner.java:332)&#13;
	at org.testng.SuiteRunner.run(SuiteRunner.java:276)&#13;
	at org.testng.SuiteRunnerWorker.runSuite(SuiteRunnerWorker.java:53)&#13;
	at org.testng.SuiteRunnerWorker.run(SuiteRunnerWorker.java:96)&#13;
	at org.testng.TestNG.runSuitesSequentially(TestNG.java:1212)&#13;
	at org.testng.TestNG.runSuitesLocally(TestNG.java:1134)&#13;
	at org.testng.TestNG.runSuites(TestNG.java:1063)&#13;
	at org.testng.TestNG.run(TestNG.java:1031)&#13;
	at org.testng.remote.AbstractRemoteTestNG.run(AbstractRemoteTestNG.java:115)&#13;
	at org.testng.remote.RemoteTestNG.initAndRun(RemoteTestNG.java:251)&#13;
	at org.testng.remote.RemoteTestNG.main(RemoteTestNG.java:77)&#13;
</stack-trace>
            </failure>
            <steps/>
            <attachments/>
            <labels>
                <label name="testSuite" value="ULP BFF SUITE"/>
                <label name="testGroup" value="ULP BFF"/>
                <label name="testClass" value="com.api.script.DigilockerBFFCredentialsTest"/>
                <label name="testMethod" value="API_03_GetRenderSchema"/>
                <label name="host" value="DESKTOP-UJIBV1G"/>
                <label name="thread" value="1164@DESKTOP-UJIBV1G.main(1)"/>
            </labels>
        </test-case>
        <test-case start="1684826625306" stop="1684826625311" status="broken">
            <name>API_04_GetRenderSchemaTemplate</name>
            <title>Get render schema template</title>
            <description type="text">Get render schema template</description>
            <failure>
                <message>IllegalArgumentException: parameterValue cannot be null</message>
                <stack-trace>java.lang.IllegalArgumentException: parameterValue cannot be null&#13;
	at java.base/jdk.internal.reflect.NativeConstructorAccessorImpl.newInstance0(Native Method)&#13;
	at java.base/jdk.internal.reflect.NativeConstructorAccessorImpl.newInstance(NativeConstructorAccessorImpl.java:77)&#13;
	at java.base/jdk.internal.reflect.DelegatingConstructorAccessorImpl.newInstance(DelegatingConstructorAccessorImpl.java:45)&#13;
	at java.base/java.lang.reflect.Constructor.newInstanceWithCaller(Constructor.java:499)&#13;
	at java.base/java.lang.reflect.Constructor.newInstance(Constructor.java:480)&#13;
	at org.codehaus.groovy.reflection.CachedConstructor.invoke(CachedConstructor.java:72)&#13;
	at org.codehaus.groovy.reflection.CachedConstructor.doConstructorInvoke(CachedConstructor.java:59)&#13;
	at org.codehaus.groovy.runtime.callsite.ConstructorSite$ConstructorSiteNoUnwrap.callConstructor(ConstructorSite.java:84)&#13;
	at org.codehaus.groovy.runtime.callsite.AbstractCallSite.callConstructor(AbstractCallSite.java:277)&#13;
	at io.restassured.internal.common.assertion.AssertParameter.notNull(AssertParameter.groovy:26)&#13;
	at io.restassured.internal.common.assertion.AssertParameter$notNull.callStatic(Unknown Source)&#13;
	at io.restassured.internal.RequestSpecificationImpl.pathParam(RequestSpecificationImpl.groovy:516)&#13;
	at io.restassured.builder.RequestSpecBuilder.addPathParam(RequestSpecBuilder.java:421)&#13;
	at com.api.script.DigilockerBFFCredentialsTest.API_04_GetRenderSchemaTemplate(DigilockerBFFCredentialsTest.java:104)&#13;
	at java.base/jdk.internal.reflect.NativeMethodAccessorImpl.invoke0(Native Method)&#13;
	at java.base/jdk.internal.reflect.NativeMethodAccessorImpl.invoke(NativeMethodAccessorImpl.java:77)&#13;
	at java.base/jdk.internal.reflect.DelegatingMethodAccessorImpl.invoke(DelegatingMethodAccessorImpl.java:43)&#13;
	at java.base/java.lang.reflect.Method.invoke(Method.java:568)&#13;
	at org.testng.internal.MethodInvocationHelper.invokeMethod(MethodInvocationHelper.java:133)&#13;
	at org.testng.internal.TestInvoker.invokeMethod(TestInvoker.java:598)&#13;
	at org.testng.internal.TestInvoker.invokeTestMethod(TestInvoker.java:173)&#13;
	at org.testng.internal.MethodRunner.runInSequence(MethodRunner.java:46)&#13;
	at org.testng.internal.TestInvoker$MethodInvocationAgent.invoke(TestInvoker.java:824)&#13;
	at org.testng.internal.TestInvoker.invokeTestMethods(TestInvoker.java:146)&#13;
	at org.testng.internal.TestMethodWorker.invokeTestMethods(TestMethodWorker.java:146)&#13;
	at org.testng.internal.TestMethodWorker.run(TestMethodWorker.java:128)&#13;
	at java.base/java.util.ArrayList.forEach(ArrayList.java:1511)&#13;
	at org.testng.TestRunner.privateRun(TestRunner.java:794)&#13;
	at org.testng.TestRunner.run(TestRunner.java:596)&#13;
	at org.testng.SuiteRunner.runTest(SuiteRunner.java:377)&#13;
	at org.testng.SuiteRunner.runSequentially(SuiteRunner.java:371)&#13;
	at org.testng.SuiteRunner.privateRun(SuiteRunner.java:332)&#13;
	at org.testng.SuiteRunner.run(SuiteRunner.java:276)&#13;
	at org.testng.SuiteRunnerWorker.runSuite(SuiteRunnerWorker.java:53)&#13;
	at org.testng.SuiteRunnerWorker.run(SuiteRunnerWorker.java:96)&#13;
	at org.testng.TestNG.runSuitesSequentially(TestNG.java:1212)&#13;
	at org.testng.TestNG.runSuitesLocally(TestNG.java:1134)&#13;
	at org.testng.TestNG.runSuites(TestNG.java:1063)&#13;
	at org.testng.TestNG.run(TestNG.java:1031)&#13;
	at org.testng.remote.AbstractRemoteTestNG.run(AbstractRemoteTestNG.java:115)&#13;
	at org.testng.remote.RemoteTestNG.initAndRun(RemoteTestNG.java:251)&#13;
	at org.testng.remote.RemoteTestNG.main(RemoteTestNG.java:77)&#13;
</stack-trace>
            </failure>
            <steps/>
            <attachments/>
            <labels>
                <label name="testSuite" value="ULP BFF SUITE"/>
                <label name="testGroup" value="ULP BFF"/>
                <label name="testClass" value="com.api.script.DigilockerBFFCredentialsTest"/>
                <label name="testMethod" value="API_04_GetRenderSchemaTemplate"/>
                <label name="host" value="DESKTOP-UJIBV1G"/>
                <label name="thread" value="1164@DESKTOP-UJIBV1G.main(1)"/>
            </labels>
        </test-case>
        <test-case start="1684826625316" stop="1684826625946" status="passed">
            <name>API_05_CredentialRender</name>
            <title>Credential render</title>
            <description type="text">Credentail render</description>
            <steps/>
            <attachments/>
            <labels>
                <label name="testSuite" value="ULP BFF SUITE"/>
                <label name="testGroup" value="ULP BFF"/>
                <label name="testClass" value="com.api.script.DigilockerBFFCredentialsTest"/>
                <label name="testMethod" value="API_05_CredentialRender"/>
                <label name="host" value="DESKTOP-UJIBV1G"/>
                <label name="thread" value="1164@DESKTOP-UJIBV1G.main(1)"/>
            </labels>
        </test-case>
    </test-cases>
    <labels>
        <label name="framework" value="TestNG"/>
        <label name="language" value="JAVA"/>
    </labels>
</ns2:test-suite>
