<?xml version="1.0" encoding="UTF-8" standalone="yes"?>
<ns2:test-suite start="1683697431478" stop="1683697504667" version="1.5.4" xmlns:ns2="urn:model.allure.qatools.yandex.ru">
    <name>Default suite : Default test</name>
    <title>Default suite : Default test</title>
    <test-cases>
        <test-case start="1683697431588" stop="1683697434858" status="passed">
            <name>API_01_VerifyUserIsAbleToGenerateDigiUrl</name>
            <title>Verify that user is able to generate digiurl</title>
            <description type="text">Verify that user is able to generate digiurl </description>
            <steps/>
            <attachments/>
            <labels>
                <label name="testSuite" value="Default suite"/>
                <label name="testGroup" value="Default test"/>
                <label name="testClass" value="com.api.script.DigilockerEwalletTest"/>
                <label name="testMethod" value="API_01_VerifyUserIsAbleToGenerateDigiUrl"/>
                <label name="host" value="DESKTOP-UJIBV1G"/>
                <label name="thread" value="11924@DESKTOP-UJIBV1G.main(1)"/>
            </labels>
        </test-case>
        <test-case start="1683697434868" stop="1683697456747" status="passed">
            <name>API_02_VerifyUserIsAbleToGenerateAuthCode</name>
            <title>Verify that user is able to generate auth code</title>
            <description type="text">Verify that user is able to generate auth code</description>
            <steps/>
            <attachments/>
            <labels>
                <label name="testSuite" value="Default suite"/>
                <label name="testGroup" value="Default test"/>
                <label name="testClass" value="com.api.script.DigilockerEwalletTest"/>
                <label name="testMethod" value="API_02_VerifyUserIsAbleToGenerateAuthCode"/>
                <label name="host" value="DESKTOP-UJIBV1G"/>
                <label name="thread" value="11924@DESKTOP-UJIBV1G.main(1)"/>
            </labels>
        </test-case>
        <test-case start="1683697456755" stop="1683697458183" status="passed">
            <name>API_03_VerifyUserIsAbleToGenerateToken</name>
            <title>Verify user is able to generate token</title>
            <description type="text">Verify user is able to generate token</description>
            <steps/>
            <attachments/>
            <labels>
                <label name="testSuite" value="Default suite"/>
                <label name="testGroup" value="Default test"/>
                <label name="testClass" value="com.api.script.DigilockerEwalletTest"/>
                <label name="testMethod" value="API_03_VerifyUserIsAbleToGenerateToken"/>
                <label name="host" value="DESKTOP-UJIBV1G"/>
                <label name="thread" value="11924@DESKTOP-UJIBV1G.main(1)"/>
            </labels>
        </test-case>
        <test-case start="1683697458193" stop="1683697458714" status="passed">
            <name>API_04_VerifyUserIsAbleToUenerateUuid</name>
            <title>Verify user is able to generate uuid</title>
            <description type="text">Verify user is able to generate uuid</description>
            <steps/>
            <attachments/>
            <labels>
                <label name="testSuite" value="Default suite"/>
                <label name="testGroup" value="Default test"/>
                <label name="testClass" value="com.api.script.DigilockerEwalletTest"/>
                <label name="testMethod" value="API_04_VerifyUserIsAbleToUenerateUuid"/>
                <label name="host" value="DESKTOP-UJIBV1G"/>
                <label name="thread" value="11924@DESKTOP-UJIBV1G.main(1)"/>
            </labels>
        </test-case>
        <test-case start="1683697458719" stop="1683697459389" status="passed">
            <name>API_05_VerifyUserIsAbleToGetSchoolList</name>
            <title>Verify user is able to get school list</title>
            <description type="text">Verify user is able to get school list</description>
            <steps/>
            <attachments/>
            <labels>
                <label name="testSuite" value="Default suite"/>
                <label name="testGroup" value="Default test"/>
                <label name="testClass" value="com.api.script.DigilockerEwalletTest"/>
                <label name="testMethod" value="API_05_VerifyUserIsAbleToGetSchoolList"/>
                <label name="host" value="DESKTOP-UJIBV1G"/>
                <label name="thread" value="11924@DESKTOP-UJIBV1G.main(1)"/>
            </labels>
        </test-case>
        <test-case start="1683697459397" stop="1683697460347" status="passed">
            <name>API_06_verifyUserIsAbleToLogoutFromDigilocker</name>
            <title>verify user is able to logout from digilocker</title>
            <description type="text">verify user is able to logout from digilocker</description>
            <steps/>
            <attachments/>
            <labels>
                <label name="testSuite" value="Default suite"/>
                <label name="testGroup" value="Default test"/>
                <label name="testClass" value="com.api.script.DigilockerEwalletTest"/>
                <label name="testMethod" value="API_06_verifyUserIsAbleToLogoutFromDigilocker"/>
                <label name="host" value="DESKTOP-UJIBV1G"/>
                <label name="thread" value="11924@DESKTOP-UJIBV1G.main(1)"/>
            </labels>
        </test-case>
        <test-case start="1683697460350" stop="1683697504618" status="broken">
            <name>API_07_VerifyThatUserIsAbleToGenerateAuthCodeAndToken</name>
            <title>Verify that user is able to generate auth code and token</title>
            <description type="text">Verify that user is able to generate auth code and token</description>
            <failure>
                <message>ElementNotInteractableException: element not interactable
  (Session info: chrome=112.0.5615.139)
Build info: version: '3.141.59', revision: 'e82be7d358', time: '2018-11-14T08:17:03'
System info: host: 'DESKTOP-UJIBV1G', ip: '192.168.229.231', os.name: 'Windows 10', os.arch: 'amd64', os.version: '10.0', java.version: '17.0.6'
Driver info: org.openqa.selenium.chrome.ChromeDriver
Capabilities {acceptInsecureCerts: false, browserName: chrome, browserVersion: 112.0.5615.139, chrome: {chromedriverVersion: 112.0.5615.49 (bd2a7bcb881c..., userDataDir: C:\Users\SNEHAL\AppData\Loc...}, goog:chromeOptions: {debuggerAddress: localhost:56700}, javascriptEnabled: true, networkConnectionEnabled: false, pageLoadStrategy: normal, platform: WINDOWS, platformName: WINDOWS, proxy: Proxy(), setWindowRect: true, strictFileInteractability: false, timeouts: {implicit: 0, pageLoad: 300000, script: 30000}, unhandledPromptBehavior: dismiss and notify, webauthn:extension:credBlob: true, webauthn:extension:largeBlob: true, webauthn:extension:minPinLength: true, webauthn:extension:prf: true, webauthn:virtualAuthenticators: true}
Session ID: 13f6256ad834dfbf75aad5dd63a79f92</message>
                <stack-trace>org.openqa.selenium.ElementNotInteractableException: element not interactable
  (Session info: chrome=112.0.5615.139)
Build info: version: '3.141.59', revision: 'e82be7d358', time: '2018-11-14T08:17:03'
System info: host: 'DESKTOP-UJIBV1G', ip: '192.168.229.231', os.name: 'Windows 10', os.arch: 'amd64', os.version: '10.0', java.version: '17.0.6'
Driver info: org.openqa.selenium.chrome.ChromeDriver
Capabilities {acceptInsecureCerts: false, browserName: chrome, browserVersion: 112.0.5615.139, chrome: {chromedriverVersion: 112.0.5615.49 (bd2a7bcb881c..., userDataDir: C:\Users\SNEHAL\AppData\Loc...}, goog:chromeOptions: {debuggerAddress: localhost:56700}, javascriptEnabled: true, networkConnectionEnabled: false, pageLoadStrategy: normal, platform: WINDOWS, platformName: WINDOWS, proxy: Proxy(), setWindowRect: true, strictFileInteractability: false, timeouts: {implicit: 0, pageLoad: 300000, script: 30000}, unhandledPromptBehavior: dismiss and notify, webauthn:extension:credBlob: true, webauthn:extension:largeBlob: true, webauthn:extension:minPinLength: true, webauthn:extension:prf: true, webauthn:virtualAuthenticators: true}
Session ID: 13f6256ad834dfbf75aad5dd63a79f92&#13;
	at java.base/jdk.internal.reflect.NativeConstructorAccessorImpl.newInstance0(Native Method)&#13;
	at java.base/jdk.internal.reflect.NativeConstructorAccessorImpl.newInstance(NativeConstructorAccessorImpl.java:77)&#13;
	at java.base/jdk.internal.reflect.DelegatingConstructorAccessorImpl.newInstance(DelegatingConstructorAccessorImpl.java:45)&#13;
	at java.base/java.lang.reflect.Constructor.newInstanceWithCaller(Constructor.java:499)&#13;
	at java.base/java.lang.reflect.Constructor.newInstance(Constructor.java:480)&#13;
	at org.openqa.selenium.remote.http.W3CHttpResponseCodec.createException(W3CHttpResponseCodec.java:187)&#13;
	at org.openqa.selenium.remote.http.W3CHttpResponseCodec.decode(W3CHttpResponseCodec.java:122)&#13;
	at org.openqa.selenium.remote.http.W3CHttpResponseCodec.decode(W3CHttpResponseCodec.java:49)&#13;
	at org.openqa.selenium.remote.HttpCommandExecutor.execute(HttpCommandExecutor.java:158)&#13;
	at org.openqa.selenium.remote.service.DriverCommandExecutor.execute(DriverCommandExecutor.java:83)&#13;
	at org.openqa.selenium.remote.RemoteWebDriver.execute(RemoteWebDriver.java:552)&#13;
	at org.openqa.selenium.remote.RemoteWebElement.execute(RemoteWebElement.java:285)&#13;
	at org.openqa.selenium.remote.RemoteWebElement.sendKeys(RemoteWebElement.java:106)&#13;
	at com.pageFactory.DigiLockerLoginPage.setUserPin(DigiLockerLoginPage.java:35)&#13;
	at com.api.view.APIview.EnterDetailsOnDigilockerLoginPageUsingUsername(APIview.java:126)&#13;
	at com.api.script.DigilockerEwalletTest.API_07_VerifyThatUserIsAbleToGenerateAuthCodeAndToken(DigilockerEwalletTest.java:119)&#13;
	at java.base/jdk.internal.reflect.NativeMethodAccessorImpl.invoke0(Native Method)&#13;
	at java.base/jdk.internal.reflect.NativeMethodAccessorImpl.invoke(NativeMethodAccessorImpl.java:77)&#13;
	at java.base/jdk.internal.reflect.DelegatingMethodAccessorImpl.invoke(DelegatingMethodAccessorImpl.java:43)&#13;
	at java.base/java.lang.reflect.Method.invoke(Method.java:568)&#13;
	at org.testng.internal.MethodInvocationHelper.invokeMethod(MethodInvocationHelper.java:133)&#13;
	at org.testng.internal.TestInvoker.invokeMethod(TestInvoker.java:598)&#13;
	at org.testng.internal.TestInvoker.invokeTestMethod(TestInvoker.java:173)&#13;
	at org.testng.internal.MethodRunner.runInSequence(MethodRunner.java:46)&#13;
	at org.testng.internal.TestInvoker$MethodInvocationAgent.invoke(TestInvoker.java:824)&#13;
	at org.testng.internal.TestInvoker.invokeTestMethods(TestInvoker.java:146)&#13;
	at org.testng.internal.TestMethodWorker.invokeTestMethods(TestMethodWorker.java:146)&#13;
	at org.testng.internal.TestMethodWorker.run(TestMethodWorker.java:128)&#13;
	at java.base/java.util.ArrayList.forEach(ArrayList.java:1511)&#13;
	at org.testng.TestRunner.privateRun(TestRunner.java:794)&#13;
	at org.testng.TestRunner.run(TestRunner.java:596)&#13;
	at org.testng.SuiteRunner.runTest(SuiteRunner.java:377)&#13;
	at org.testng.SuiteRunner.runSequentially(SuiteRunner.java:371)&#13;
	at org.testng.SuiteRunner.privateRun(SuiteRunner.java:332)&#13;
	at org.testng.SuiteRunner.run(SuiteRunner.java:276)&#13;
	at org.testng.SuiteRunnerWorker.runSuite(SuiteRunnerWorker.java:53)&#13;
	at org.testng.SuiteRunnerWorker.run(SuiteRunnerWorker.java:96)&#13;
	at org.testng.TestNG.runSuitesSequentially(TestNG.java:1212)&#13;
	at org.testng.TestNG.runSuitesLocally(TestNG.java:1134)&#13;
	at org.testng.TestNG.runSuites(TestNG.java:1063)&#13;
	at org.testng.TestNG.run(TestNG.java:1031)&#13;
	at org.testng.remote.AbstractRemoteTestNG.run(AbstractRemoteTestNG.java:115)&#13;
	at org.testng.remote.RemoteTestNG.initAndRun(RemoteTestNG.java:251)&#13;
	at org.testng.remote.RemoteTestNG.main(RemoteTestNG.java:77)&#13;
</stack-trace>
            </failure>
            <steps/>
            <attachments/>
            <labels>
                <label name="testSuite" value="Default suite"/>
                <label name="testGroup" value="Default test"/>
                <label name="testClass" value="com.api.script.DigilockerEwalletTest"/>
                <label name="testMethod" value="API_07_VerifyThatUserIsAbleToGenerateAuthCodeAndToken"/>
                <label name="host" value="DESKTOP-UJIBV1G"/>
                <label name="thread" value="11924@DESKTOP-UJIBV1G.main(1)"/>
            </labels>
        </test-case>
    </test-cases>
    <labels>
        <label name="framework" value="TestNG"/>
        <label name="language" value="JAVA"/>
    </labels>
</ns2:test-suite>
