<?xml version="1.0" encoding="UTF-8" standalone="yes"?>
<ns2:test-suite start="1685007278603" stop="1685007380515" version="1.5.4" xmlns:ns2="urn:model.allure.qatools.yandex.ru">
    <name>ULP BFF SUITE : ULP BFF</name>
    <title>ULP BFF SUITE : ULP BFF</title>
    <test-cases>
        <test-case start="1685007278713" stop="1685007282910" status="passed">
            <name>API_01_VerifyUserIsAbleToGenerateDigiUrlForPortal</name>
            <title>Verify that user is able to generate digiurl for Portal</title>
            <description type="text">Verify that user is able to generate digiurlfor portal</description>
            <steps/>
            <attachments/>
            <labels>
                <label name="testSuite" value="ULP BFF SUITE"/>
                <label name="testGroup" value="ULP BFF"/>
                <label name="testClass" value="com.api.script.DigilockerportalTest"/>
                <label name="testMethod" value="API_01_VerifyUserIsAbleToGenerateDigiUrlForPortal"/>
                <label name="host" value="DESKTOP-UJIBV1G"/>
                <label name="thread" value="23120@DESKTOP-UJIBV1G.main(1)"/>
            </labels>
        </test-case>
        <test-case start="1685007282920" stop="1685007311719" status="passed">
            <name>API_02_VerifyUserIsAbleToGenerateAuthCode</name>
            <title>Verify that user is able to generate auth code</title>
            <description type="text">Verify that user is able to generate auth code</description>
            <steps/>
            <attachments/>
            <labels>
                <label name="testSuite" value="ULP BFF SUITE"/>
                <label name="testGroup" value="ULP BFF"/>
                <label name="testClass" value="com.api.script.DigilockerportalTest"/>
                <label name="testMethod" value="API_02_VerifyUserIsAbleToGenerateAuthCode"/>
                <label name="host" value="DESKTOP-UJIBV1G"/>
                <label name="thread" value="23120@DESKTOP-UJIBV1G.main(1)"/>
            </labels>
        </test-case>
        <test-case start="1685007311726" stop="1685007314494" status="passed">
            <name>API_03_VerifyUserIsAbleToGenerateToken</name>
            <title>Verify user is able to generate token</title>
            <description type="text">Verify user is able to generate token</description>
            <steps/>
            <attachments/>
            <labels>
                <label name="testSuite" value="ULP BFF SUITE"/>
                <label name="testGroup" value="ULP BFF"/>
                <label name="testClass" value="com.api.script.DigilockerportalTest"/>
                <label name="testMethod" value="API_03_VerifyUserIsAbleToGenerateToken"/>
                <label name="host" value="DESKTOP-UJIBV1G"/>
                <label name="thread" value="23120@DESKTOP-UJIBV1G.main(1)"/>
            </labels>
        </test-case>
        <test-case start="1685007314499" stop="1685007315359" status="passed">
            <name>API_04_VerifyUserIsAbleToGenerateUuidPortal</name>
            <title>Verify user is able to generate uuid for portal</title>
            <description type="text">Verify user is able to generate uuid for portal</description>
            <steps/>
            <attachments/>
            <labels>
                <label name="testSuite" value="ULP BFF SUITE"/>
                <label name="testGroup" value="ULP BFF"/>
                <label name="testClass" value="com.api.script.DigilockerportalTest"/>
                <label name="testMethod" value="API_04_VerifyUserIsAbleToGenerateUuidPortal"/>
                <label name="host" value="DESKTOP-UJIBV1G"/>
                <label name="thread" value="23120@DESKTOP-UJIBV1G.main(1)"/>
            </labels>
        </test-case>
        <test-case start="1685007315366" stop="1685007317210" status="passed">
            <name>API_05_VerifyUserIsAbleToGetStateList</name>
            <title>Get State List</title>
            <description type="text">Get State List</description>
            <steps/>
            <attachments/>
            <labels>
                <label name="testSuite" value="ULP BFF SUITE"/>
                <label name="testGroup" value="ULP BFF"/>
                <label name="testClass" value="com.api.script.DigilockerportalTest"/>
                <label name="testMethod" value="API_05_VerifyUserIsAbleToGetStateList"/>
                <label name="host" value="DESKTOP-UJIBV1G"/>
                <label name="thread" value="23120@DESKTOP-UJIBV1G.main(1)"/>
            </labels>
        </test-case>
        <test-case start="1685007317220" stop="1685007318096" status="passed">
            <name>API_06_VerifyUserIsAbleToGetDistrictList</name>
            <title>Verify user is able to get District list</title>
            <description type="text">Verify user is able to get District list</description>
            <steps/>
            <attachments/>
            <labels>
                <label name="testSuite" value="ULP BFF SUITE"/>
                <label name="testGroup" value="ULP BFF"/>
                <label name="testClass" value="com.api.script.DigilockerportalTest"/>
                <label name="testMethod" value="API_06_VerifyUserIsAbleToGetDistrictList"/>
                <label name="host" value="DESKTOP-UJIBV1G"/>
                <label name="thread" value="23120@DESKTOP-UJIBV1G.main(1)"/>
            </labels>
        </test-case>
        <test-case start="1685007318105" stop="1685007318948" status="passed">
            <name>API_07_VerifyUserIsAbleToGetBlockList</name>
            <title>Verify user is able to get Block list</title>
            <description type="text">Verify user is able to get Block list</description>
            <steps/>
            <attachments/>
            <labels>
                <label name="testSuite" value="ULP BFF SUITE"/>
                <label name="testGroup" value="ULP BFF"/>
                <label name="testClass" value="com.api.script.DigilockerportalTest"/>
                <label name="testMethod" value="API_07_VerifyUserIsAbleToGetBlockList"/>
                <label name="host" value="DESKTOP-UJIBV1G"/>
                <label name="thread" value="23120@DESKTOP-UJIBV1G.main(1)"/>
            </labels>
        </test-case>
        <test-case start="1685007318956" stop="1685007325031" status="passed">
            <name>API_08_VerifyUserIsAbleToGetSchoolList</name>
            <title>Verify user is able to get school list</title>
            <description type="text">Verify user is able to get school list</description>
            <steps/>
            <attachments/>
            <labels>
                <label name="testSuite" value="ULP BFF SUITE"/>
                <label name="testGroup" value="ULP BFF"/>
                <label name="testClass" value="com.api.script.DigilockerportalTest"/>
                <label name="testMethod" value="API_08_VerifyUserIsAbleToGetSchoolList"/>
                <label name="host" value="DESKTOP-UJIBV1G"/>
                <label name="thread" value="23120@DESKTOP-UJIBV1G.main(1)"/>
            </labels>
        </test-case>
        <test-case start="1685007325037" stop="1685007325969" status="passed">
            <name>API_09_VerifyUserIsAbleToVerifyUdiseDetails</name>
            <title>Verify user is able to verify udise details</title>
            <description type="text">Verify user is able to verify udise details</description>
            <steps/>
            <attachments/>
            <labels>
                <label name="testSuite" value="ULP BFF SUITE"/>
                <label name="testGroup" value="ULP BFF"/>
                <label name="testClass" value="com.api.script.DigilockerportalTest"/>
                <label name="testMethod" value="API_09_VerifyUserIsAbleToVerifyUdiseDetails"/>
                <label name="host" value="DESKTOP-UJIBV1G"/>
                <label name="thread" value="23120@DESKTOP-UJIBV1G.main(1)"/>
            </labels>
        </test-case>
        <test-case start="1685007325972" stop="1685007326484" status="passed">
            <name>API_09_verifyUserIsAbleToLogoutFromDigilocker</name>
            <title>verify user is able to logout from digilocker</title>
            <description type="text">verify user is able to logout from digilocker</description>
            <steps/>
            <attachments/>
            <labels>
                <label name="testSuite" value="ULP BFF SUITE"/>
                <label name="testGroup" value="ULP BFF"/>
                <label name="testClass" value="com.api.script.DigilockerportalTest"/>
                <label name="testMethod" value="API_09_verifyUserIsAbleToLogoutFromDigilocker"/>
                <label name="host" value="DESKTOP-UJIBV1G"/>
                <label name="thread" value="23120@DESKTOP-UJIBV1G.main(1)"/>
            </labels>
        </test-case>
        <test-case start="1685007326487" stop="1685007327999" status="failed">
            <name>API_10_VerifyUserIsAbleToGetSchoolDetails</name>
            <title>Get School Details</title>
            <description type="text">Get School Details</description>
            <failure>
                <message>AssertionError: expected [true] but found [false]</message>
                <stack-trace>java.lang.AssertionError: expected [true] but found [false]&#13;
	at org.testng.Assert.fail(Assert.java:99)&#13;
	at org.testng.Assert.failNotEquals(Assert.java:1037)&#13;
	at org.testng.Assert.assertTrue(Assert.java:45)&#13;
	at org.testng.Assert.assertTrue(Assert.java:55)&#13;
	at com.generic.WrapperFunctions.logReporter(WrapperFunctions.java:301)&#13;
	at com.api.view.APIview.getSuccessSchoolDetails(APIview.java:552)&#13;
	at com.api.script.DigilockerportalTest.API_10_VerifyUserIsAbleToGetSchoolDetails(DigilockerportalTest.java:201)&#13;
	at java.base/jdk.internal.reflect.NativeMethodAccessorImpl.invoke0(Native Method)&#13;
	at java.base/jdk.internal.reflect.NativeMethodAccessorImpl.invoke(NativeMethodAccessorImpl.java:77)&#13;
	at java.base/jdk.internal.reflect.DelegatingMethodAccessorImpl.invoke(DelegatingMethodAccessorImpl.java:43)&#13;
	at java.base/java.lang.reflect.Method.invoke(Method.java:568)&#13;
	at org.testng.internal.MethodInvocationHelper.invokeMethod(MethodInvocationHelper.java:133)&#13;
	at org.testng.internal.TestInvoker.invokeMethod(TestInvoker.java:598)&#13;
	at org.testng.internal.TestInvoker.invokeTestMethod(TestInvoker.java:173)&#13;
	at org.testng.internal.MethodRunner.runInSequence(MethodRunner.java:46)&#13;
	at org.testng.internal.TestInvoker$MethodInvocationAgent.invoke(TestInvoker.java:824)&#13;
	at org.testng.internal.TestInvoker.invokeTestMethods(TestInvoker.java:146)&#13;
	at org.testng.internal.TestMethodWorker.invokeTestMethods(TestMethodWorker.java:146)&#13;
	at org.testng.internal.TestMethodWorker.run(TestMethodWorker.java:128)&#13;
	at java.base/java.util.ArrayList.forEach(ArrayList.java:1511)&#13;
	at org.testng.TestRunner.privateRun(TestRunner.java:794)&#13;
	at org.testng.TestRunner.run(TestRunner.java:596)&#13;
	at org.testng.SuiteRunner.runTest(SuiteRunner.java:377)&#13;
	at org.testng.SuiteRunner.runSequentially(SuiteRunner.java:371)&#13;
	at org.testng.SuiteRunner.privateRun(SuiteRunner.java:332)&#13;
	at org.testng.SuiteRunner.run(SuiteRunner.java:276)&#13;
	at org.testng.SuiteRunnerWorker.runSuite(SuiteRunnerWorker.java:53)&#13;
	at org.testng.SuiteRunnerWorker.run(SuiteRunnerWorker.java:96)&#13;
	at org.testng.TestNG.runSuitesSequentially(TestNG.java:1212)&#13;
	at org.testng.TestNG.runSuitesLocally(TestNG.java:1134)&#13;
	at org.testng.TestNG.runSuites(TestNG.java:1063)&#13;
	at org.testng.TestNG.run(TestNG.java:1031)&#13;
	at org.testng.remote.AbstractRemoteTestNG.run(AbstractRemoteTestNG.java:115)&#13;
	at org.testng.remote.RemoteTestNG.initAndRun(RemoteTestNG.java:251)&#13;
	at org.testng.remote.RemoteTestNG.main(RemoteTestNG.java:77)&#13;
</stack-trace>
            </failure>
            <steps/>
            <attachments/>
            <labels>
                <label name="testSuite" value="ULP BFF SUITE"/>
                <label name="testGroup" value="ULP BFF"/>
                <label name="testClass" value="com.api.script.DigilockerportalTest"/>
                <label name="testMethod" value="API_10_VerifyUserIsAbleToGetSchoolDetails"/>
                <label name="host" value="DESKTOP-UJIBV1G"/>
                <label name="thread" value="23120@DESKTOP-UJIBV1G.main(1)"/>
            </labels>
        </test-case>
        <test-case start="1685007328003" stop="1685007328526" status="passed">
            <name>API_10_VerifyUserIsAbleToGetStudentData</name>
            <title>Get Teacher Data</title>
            <description type="text">Get Teacher Data</description>
            <steps/>
            <attachments/>
            <labels>
                <label name="testSuite" value="ULP BFF SUITE"/>
                <label name="testGroup" value="ULP BFF"/>
                <label name="testClass" value="com.api.script.DigilockerportalTest"/>
                <label name="testMethod" value="API_10_VerifyUserIsAbleToGetStudentData"/>
                <label name="host" value="DESKTOP-UJIBV1G"/>
                <label name="thread" value="23120@DESKTOP-UJIBV1G.main(1)"/>
            </labels>
        </test-case>
        <test-case start="1685007328528" stop="1685007376413" status="broken">
            <name>API_11_VerifyThatUserIsAbleToGenerateAuthCodeAndTokenForUsername</name>
            <title>Verify that user is able to generate auth code and token using username for Portal</title>
            <description type="text">Verify that user is able to generate auth code and token using username for portal</description>
            <failure>
                <message>NoSuchElementException: no such element: Unable to locate element: {"method":"xpath","selector":"//input[@id='authorizedbtn' and @value='Allow']"}
  (Session info: chrome=113.0.5672.127)
For documentation on this error, please visit: https://www.seleniumhq.org/exceptions/no_such_element.html
Build info: version: '3.141.59', revision: 'e82be7d358', time: '2018-11-14T08:17:03'
System info: host: 'DESKTOP-UJIBV1G', ip: '192.168.1.100', os.name: 'Windows 10', os.arch: 'amd64', os.version: '10.0', java.version: '17.0.6'
Driver info: org.openqa.selenium.chrome.ChromeDriver
Capabilities {acceptInsecureCerts: false, browserName: chrome, browserVersion: 113.0.5672.127, chrome: {chromedriverVersion: 113.0.5672.63 (0e1a4471d5ae..., userDataDir: C:\Users\SNEHAL\AppData\Loc...}, goog:chromeOptions: {debuggerAddress: localhost:63845}, javascriptEnabled: true, networkConnectionEnabled: false, pageLoadStrategy: normal, platform: WINDOWS, platformName: WINDOWS, proxy: Proxy(), setWindowRect: true, strictFileInteractability: false, timeouts: {implicit: 0, pageLoad: 300000, script: 30000}, unhandledPromptBehavior: dismiss and notify, webauthn:extension:credBlob: true, webauthn:extension:largeBlob: true, webauthn:extension:minPinLength: true, webauthn:extension:prf: true, webauthn:virtualAuthenticators: true}
Session ID: 567ba8ee5a66c57eec47ff5adb529929
*** Element info: {Using=xpath, value=//input[@id='authorizedbtn' and @value='Allow']}</message>
                <stack-trace>org.openqa.selenium.NoSuchElementException: no such element: Unable to locate element: {"method":"xpath","selector":"//input[@id='authorizedbtn' and @value='Allow']"}
  (Session info: chrome=113.0.5672.127)
For documentation on this error, please visit: https://www.seleniumhq.org/exceptions/no_such_element.html
Build info: version: '3.141.59', revision: 'e82be7d358', time: '2018-11-14T08:17:03'
System info: host: 'DESKTOP-UJIBV1G', ip: '192.168.1.100', os.name: 'Windows 10', os.arch: 'amd64', os.version: '10.0', java.version: '17.0.6'
Driver info: org.openqa.selenium.chrome.ChromeDriver
Capabilities {acceptInsecureCerts: false, browserName: chrome, browserVersion: 113.0.5672.127, chrome: {chromedriverVersion: 113.0.5672.63 (0e1a4471d5ae..., userDataDir: C:\Users\SNEHAL\AppData\Loc...}, goog:chromeOptions: {debuggerAddress: localhost:63845}, javascriptEnabled: true, networkConnectionEnabled: false, pageLoadStrategy: normal, platform: WINDOWS, platformName: WINDOWS, proxy: Proxy(), setWindowRect: true, strictFileInteractability: false, timeouts: {implicit: 0, pageLoad: 300000, script: 30000}, unhandledPromptBehavior: dismiss and notify, webauthn:extension:credBlob: true, webauthn:extension:largeBlob: true, webauthn:extension:minPinLength: true, webauthn:extension:prf: true, webauthn:virtualAuthenticators: true}
Session ID: 567ba8ee5a66c57eec47ff5adb529929
*** Element info: {Using=xpath, value=//input[@id='authorizedbtn' and @value='Allow']}&#13;
	at java.base/jdk.internal.reflect.NativeConstructorAccessorImpl.newInstance0(Native Method)&#13;
	at java.base/jdk.internal.reflect.NativeConstructorAccessorImpl.newInstance(NativeConstructorAccessorImpl.java:77)&#13;
	at java.base/jdk.internal.reflect.DelegatingConstructorAccessorImpl.newInstance(DelegatingConstructorAccessorImpl.java:45)&#13;
	at java.base/java.lang.reflect.Constructor.newInstanceWithCaller(Constructor.java:499)&#13;
	at java.base/java.lang.reflect.Constructor.newInstance(Constructor.java:480)&#13;
	at org.openqa.selenium.remote.http.W3CHttpResponseCodec.createException(W3CHttpResponseCodec.java:187)&#13;
	at org.openqa.selenium.remote.http.W3CHttpResponseCodec.decode(W3CHttpResponseCodec.java:122)&#13;
	at org.openqa.selenium.remote.http.W3CHttpResponseCodec.decode(W3CHttpResponseCodec.java:49)&#13;
	at org.openqa.selenium.remote.HttpCommandExecutor.execute(HttpCommandExecutor.java:158)&#13;
	at org.openqa.selenium.remote.service.DriverCommandExecutor.execute(DriverCommandExecutor.java:83)&#13;
	at org.openqa.selenium.remote.RemoteWebDriver.execute(RemoteWebDriver.java:552)&#13;
	at org.openqa.selenium.remote.RemoteWebDriver.findElement(RemoteWebDriver.java:323)&#13;
	at org.openqa.selenium.remote.RemoteWebDriver.findElementByXPath(RemoteWebDriver.java:428)&#13;
	at org.openqa.selenium.By$ByXPath.findElement(By.java:353)&#13;
	at org.openqa.selenium.remote.RemoteWebDriver.findElement(RemoteWebDriver.java:315)&#13;
	at com.pageFactory.DigiLockerLoginPage.clickOnAllowButton(DigiLockerLoginPage.java:59)&#13;
	at com.api.view.APIview.EnterDetailsOnDigilockerLoginPageUsingUsername(APIview.java:268)&#13;
	at com.api.script.DigilockerportalTest.API_11_VerifyThatUserIsAbleToGenerateAuthCodeAndTokenForUsername(DigilockerportalTest.java:243)&#13;
	at java.base/jdk.internal.reflect.NativeMethodAccessorImpl.invoke0(Native Method)&#13;
	at java.base/jdk.internal.reflect.NativeMethodAccessorImpl.invoke(NativeMethodAccessorImpl.java:77)&#13;
	at java.base/jdk.internal.reflect.DelegatingMethodAccessorImpl.invoke(DelegatingMethodAccessorImpl.java:43)&#13;
	at java.base/java.lang.reflect.Method.invoke(Method.java:568)&#13;
	at org.testng.internal.MethodInvocationHelper.invokeMethod(MethodInvocationHelper.java:133)&#13;
	at org.testng.internal.TestInvoker.invokeMethod(TestInvoker.java:598)&#13;
	at org.testng.internal.TestInvoker.invokeTestMethod(TestInvoker.java:173)&#13;
	at org.testng.internal.MethodRunner.runInSequence(MethodRunner.java:46)&#13;
	at org.testng.internal.TestInvoker$MethodInvocationAgent.invoke(TestInvoker.java:824)&#13;
	at org.testng.internal.TestInvoker.invokeTestMethods(TestInvoker.java:146)&#13;
	at org.testng.internal.TestMethodWorker.invokeTestMethods(TestMethodWorker.java:146)&#13;
	at org.testng.internal.TestMethodWorker.run(TestMethodWorker.java:128)&#13;
	at java.base/java.util.ArrayList.forEach(ArrayList.java:1511)&#13;
	at org.testng.TestRunner.privateRun(TestRunner.java:794)&#13;
	at org.testng.TestRunner.run(TestRunner.java:596)&#13;
	at org.testng.SuiteRunner.runTest(SuiteRunner.java:377)&#13;
	at org.testng.SuiteRunner.runSequentially(SuiteRunner.java:371)&#13;
	at org.testng.SuiteRunner.privateRun(SuiteRunner.java:332)&#13;
	at org.testng.SuiteRunner.run(SuiteRunner.java:276)&#13;
	at org.testng.SuiteRunnerWorker.runSuite(SuiteRunnerWorker.java:53)&#13;
	at org.testng.SuiteRunnerWorker.run(SuiteRunnerWorker.java:96)&#13;
	at org.testng.TestNG.runSuitesSequentially(TestNG.java:1212)&#13;
	at org.testng.TestNG.runSuitesLocally(TestNG.java:1134)&#13;
	at org.testng.TestNG.runSuites(TestNG.java:1063)&#13;
	at org.testng.TestNG.run(TestNG.java:1031)&#13;
	at org.testng.remote.AbstractRemoteTestNG.run(AbstractRemoteTestNG.java:115)&#13;
	at org.testng.remote.RemoteTestNG.initAndRun(RemoteTestNG.java:251)&#13;
	at org.testng.remote.RemoteTestNG.main(RemoteTestNG.java:77)&#13;
</stack-trace>
            </failure>
            <steps/>
            <attachments/>
            <labels>
                <label name="testSuite" value="ULP BFF SUITE"/>
                <label name="testGroup" value="ULP BFF"/>
                <label name="testClass" value="com.api.script.DigilockerportalTest"/>
                <label name="testMethod" value="API_11_VerifyThatUserIsAbleToGenerateAuthCodeAndTokenForUsername"/>
                <label name="host" value="DESKTOP-UJIBV1G"/>
                <label name="thread" value="23120@DESKTOP-UJIBV1G.main(1)"/>
            </labels>
        </test-case>
        <test-case start="1685007376423" stop="1685007379932" status="passed">
            <name>API_12_VerifyUserIsAbleToGetDashboardCount</name>
            <title>Verify user is able to get dashboard count</title>
            <description type="text">Verify user is able to get dashboard count</description>
            <steps/>
            <attachments/>
            <labels>
                <label name="testSuite" value="ULP BFF SUITE"/>
                <label name="testGroup" value="ULP BFF"/>
                <label name="testClass" value="com.api.script.DigilockerportalTest"/>
                <label name="testMethod" value="API_12_VerifyUserIsAbleToGetDashboardCount"/>
                <label name="host" value="DESKTOP-UJIBV1G"/>
                <label name="thread" value="23120@DESKTOP-UJIBV1G.main(1)"/>
            </labels>
        </test-case>
        <test-case start="1685007379951" stop="1685007380463" status="passed">
            <name>API_01_VerifyUserIsAbleToGenerateTokenUsingWrongAuthCode</name>
            <title>Verify user is able to generate token using wrong auth code</title>
            <description type="text">Verify user is able to generate token using wrong auth code</description>
            <steps/>
            <attachments/>
            <labels>
                <label name="testSuite" value="ULP BFF SUITE"/>
                <label name="testGroup" value="ULP BFF"/>
                <label name="testClass" value="com.api.script.DigilockerPortalNegativeTest"/>
                <label name="testMethod" value="API_01_VerifyUserIsAbleToGenerateTokenUsingWrongAuthCode"/>
                <label name="host" value="DESKTOP-UJIBV1G"/>
                <label name="thread" value="23120@DESKTOP-UJIBV1G.main(1)"/>
            </labels>
        </test-case>
    </test-cases>
    <labels>
        <label name="framework" value="TestNG"/>
        <label name="language" value="JAVA"/>
    </labels>
</ns2:test-suite>
